<?xml version="1.0" encoding="UTF-8"?>
<!-- Generated by org.testng.reporters.JUnitXMLReporter -->
<testsuite ignored="0" hostname="DESKTOP-O9OR2BF" failures="1" tests="1" name="Test" time="45.386" errors="0" timestamp="2023-04-05T19:31:58 IST">
  <testcase classname="com.Instagram.MainPage.Comments_MainPage" name="addComments" time="45.279">
    <failure type="org.openqa.selenium.WebDriverException" message="unknown error: ChromeDriver only supports characters in the BMP
  (Session info: chrome=111.0.5563.147)
Build info: version: &amp;apos;4.6.0&amp;apos;, revision: &amp;apos;79f1c02ae20&amp;apos;
System info: os.name: &amp;apos;Windows 10&amp;apos;, os.arch: &amp;apos;amd64&amp;apos;, os.version: &amp;apos;10.0&amp;apos;, java.version: &amp;apos;17.0.3&amp;apos;
Driver info: org.openqa.selenium.chrome.ChromeDriver
Command: [fceb0f5636095a1e2d00f69ec44739a0, sendKeysToElement {id=d39aa17d-1a86-4a55-ae87-1b9951845ba6, value=[Ljava.lang.CharSequence;@6415f61e}]
Capabilities {acceptInsecureCerts: false, browserName: chrome, browserVersion: 111.0.5563.147, chrome: {chromedriverVersion: 111.0.5563.64 (c710e93d5b63..., userDataDir: C:\Users\Bhavin\AppData\Loc...}, goog:chromeOptions: {debuggerAddress: localhost:56577}, networkConnectionEnabled: false, pageLoadStrategy: normal, platformName: WINDOWS, proxy: Proxy(), se:cdp: ws://localhost:56577/devtoo..., se:cdpVersion: 111.0.5563.147, setWindowRect: true, strictFileInteractability: false, timeouts: {implicit: 0, pageLoad: 300000, script: 30000}, unhandledPromptBehavior: dismiss and notify, webauthn:extension:credBlob: true, webauthn:extension:largeBlob: true, webauthn:extension:minPinLength: true, webauthn:extension:prf: true, webauthn:virtualAuthenticators: true}
Element: [[ChromeDriver: chrome on WINDOWS (fceb0f5636095a1e2d00f69ec44739a0)] -&amp;gt; xpath: //div[@role=&amp;apos;dialog&amp;apos;]//article//textarea[@aria-label=&amp;apos;Add a comment…&amp;apos;]]
Session ID: fceb0f5636095a1e2d00f69ec44739a0">
      <![CDATA[org.openqa.selenium.WebDriverException: unknown error: ChromeDriver only supports characters in the BMP
  (Session info: chrome=111.0.5563.147)
Build info: version: '4.6.0', revision: '79f1c02ae20'
System info: os.name: 'Windows 10', os.arch: 'amd64', os.version: '10.0', java.version: '17.0.3'
Driver info: org.openqa.selenium.chrome.ChromeDriver
Command: [fceb0f5636095a1e2d00f69ec44739a0, sendKeysToElement {id=d39aa17d-1a86-4a55-ae87-1b9951845ba6, value=[Ljava.lang.CharSequence;@6415f61e}]
Capabilities {acceptInsecureCerts: false, browserName: chrome, browserVersion: 111.0.5563.147, chrome: {chromedriverVersion: 111.0.5563.64 (c710e93d5b63..., userDataDir: C:\Users\Bhavin\AppData\Loc...}, goog:chromeOptions: {debuggerAddress: localhost:56577}, networkConnectionEnabled: false, pageLoadStrategy: normal, platformName: WINDOWS, proxy: Proxy(), se:cdp: ws://localhost:56577/devtoo..., se:cdpVersion: 111.0.5563.147, setWindowRect: true, strictFileInteractability: false, timeouts: {implicit: 0, pageLoad: 300000, script: 30000}, unhandledPromptBehavior: dismiss and notify, webauthn:extension:credBlob: true, webauthn:extension:largeBlob: true, webauthn:extension:minPinLength: true, webauthn:extension:prf: true, webauthn:virtualAuthenticators: true}
Element: [[ChromeDriver: chrome on WINDOWS (fceb0f5636095a1e2d00f69ec44739a0)] -> xpath: //div[@role='dialog']//article//textarea[@aria-label='Add a comment…']]
Session ID: fceb0f5636095a1e2d00f69ec44739a0
at org.openqa.selenium.remote.codec.w3c.W3CHttpResponseCodec.createException(W3CHttpResponseCodec.java:200)
at org.openqa.selenium.remote.codec.w3c.W3CHttpResponseCodec.decode(W3CHttpResponseCodec.java:133)
at org.openqa.selenium.remote.codec.w3c.W3CHttpResponseCodec.decode(W3CHttpResponseCodec.java:53)
at org.openqa.selenium.remote.HttpCommandExecutor.execute(HttpCommandExecutor.java:184)
at org.openqa.selenium.remote.service.DriverCommandExecutor.invokeExecute(DriverCommandExecutor.java:167)
at org.openqa.selenium.remote.service.DriverCommandExecutor.execute(DriverCommandExecutor.java:142)
at org.openqa.selenium.remote.RemoteWebDriver.execute(RemoteWebDriver.java:541)
at org.openqa.selenium.remote.RemoteWebElement.execute(RemoteWebElement.java:257)
at org.openqa.selenium.remote.RemoteWebElement.sendKeys(RemoteWebElement.java:113)
at org.openqa.selenium.support.pagefactory.internal.LocatingElementHandler.invoke(LocatingElementHandler.java:52)
at jdk.proxy2/jdk.proxy2.$Proxy14.sendKeys(Unknown Source)
at com.Instagram.testcase.CommentHomePage.incComment(CommentHomePage.java:39)
at com.Instagram.MainPage.Comments_MainPage.addComments(Comments_MainPage.java:23)
at java.base/java.util.ArrayList.forEach(ArrayList.java:1511)
... Removed 36 stack frames]]>
    </failure>
  </testcase> <!-- addComments -->
</testsuite> <!-- Test -->
