<?xml version="1.0" encoding="UTF-8"?>
<testng-results ignored="0" total="1" passed="1" failed="0" skipped="0">
  <reporter-output>
  </reporter-output>
  <suite started-at="2023-05-07T10:34:29 IST" name="Default suite" finished-at="2023-05-07T10:35:00 IST" duration-ms="30489">
    <groups>
    </groups>
    <test started-at="2023-05-07T10:34:29 IST" name="Default test" finished-at="2023-05-07T10:35:00 IST" duration-ms="30489">
      <class name="testcases.UploadPic_MainPage">
        <test-method signature="uploadPicture()[pri:0, instance:testcases.UploadPic_MainPage@72725ee1]" started-at="2023-05-07T10:34:29 IST" name="uploadPicture" finished-at="2023-05-07T10:35:00 IST" duration-ms="30311" status="PASS">
          <reporter-output>
          </reporter-output>
        </test-method> <!-- uploadPicture -->
      </class> <!-- testcases.UploadPic_MainPage -->
    </test> <!-- Default test -->
  </suite> <!-- Default suite -->
</testng-results>
